<?xml version="1.0" encoding="UTF-8"?>
<!-- Generated by org.testng.reporters.JUnitXMLReporter -->
<testsuite ignored="0" hostname="DESKTOP-3B4EU3K" failures="0" tests="3" name="Test" time="17.571" errors="0" timestamp="2024-10-06T23:35:41 IST">
  <testcase classname="Objects.SimCorelogin" name="login" time="6.128"/>
  <testcase classname="Objects.SimCorelogin" name="loanmngpage" time="3.274"/>
  <testcase classname="Objects.SimCorelogin" name="loancreate" time="1.208"/>
</testsuite> <!-- Test -->
